<?xml version="1.0" encoding="UTF-8"?>
<testsuite xmlns:xsi="http://www.w3.org/2001/XMLSchema-instance" xsi:schemaLocation="https://maven.apache.org/surefire/maven-surefire-plugin/xsd/surefire-test-report.xsd" name="TestSuite" time="24.108" tests="4" errors="0" skipped="0" failures="0">
  <properties>
    <property name="java.runtime.name" value="Java(TM) SE Runtime Environment"/>
    <property name="sun.boot.library.path" value="C:\Program Files\Java\jre1.8.0_60\bin"/>
    <property name="java.vm.version" value="25.60-b23"/>
    <property name="java.vm.vendor" value="Oracle Corporation"/>
    <property name="java.vendor.url" value="http://java.oracle.com/"/>
    <property name="path.separator" value=";"/>
    <property name="guice.disable.misplaced.annotation.check" value="true"/>
    <property name="java.vm.name" value="Java HotSpot(TM) 64-Bit Server VM"/>
    <property name="file.encoding.pkg" value="sun.io"/>
    <property name="user.script" value=""/>
    <property name="user.country" value="US"/>
    <property name="sun.java.launcher" value="SUN_STANDARD"/>
    <property name="sun.os.patch.level" value=""/>
    <property name="java.vm.specification.name" value="Java Virtual Machine Specification"/>
    <property name="user.dir" value="C:\Users\ASONI\workspace\SeleniumAll"/>
    <property name="java.runtime.version" value="1.8.0_60-b27"/>
    <property name="java.awt.graphicsenv" value="sun.awt.Win32GraphicsEnvironment"/>
    <property name="basedir" value="C:\Users\ASONI\workspace\SeleniumAll"/>
    <property name="java.endorsed.dirs" value="C:\Program Files\Java\jre1.8.0_60\lib\endorsed"/>
    <property name="os.arch" value="amd64"/>
    <property name="java.io.tmpdir" value="C:\Users\ASONI~1.XEB\AppData\Local\Temp\"/>
    <property name="line.separator" value="&#10;"/>
    <property name="java.vm.specification.vendor" value="Oracle Corporation"/>
    <property name="user.variant" value=""/>
    <property name="os.name" value="Windows 8.1"/>
    <property name="classworlds.conf" value="C:\Users\ASONI\workspace\.metadata\.plugins\org.eclipse.m2e.core\launches\m2conf5905306070258094208.tmp"/>
    <property name="sun.jnu.encoding" value="Cp1252"/>
    <property name="jnidispatch.path" value="C:\Users\ASONI~1.XEB\AppData\Local\Temp\jna-93117688\jna8958034297591363774.dll"/>
    <property name="java.library.path" value="C:\Program Files\Java\jre1.8.0_60\bin;C:\Windows\Sun\Java\bin;C:\Windows\system32;C:\Windows;C:/Program Files/Java/jre1.8.0_60/bin/server;C:/Program Files/Java/jre1.8.0_60/bin;C:/Program Files/Java/jre1.8.0_60/lib/amd64;C:\ProgramData\Oracle\Java\javapath;C:\Program Files (x86)\Intel\iCLS Client\;C:\Program Files\Intel\iCLS Client\;C:\Windows\system32;C:\Windows;C:\Windows\System32\Wbem;C:\Windows\System32\WindowsPowerShell\v1.0\;C:\Program Files\Intel\Intel(R) Management Engine Components\DAL;C:\Program Files\Intel\Intel(R) Management Engine Components\IPT;C:\Program Files (x86)\Intel\Intel(R) Management Engine Components\DAL;C:\Program Files (x86)\Intel\Intel(R) Management Engine Components\IPT;C:\Program Files\Intel\WiFi\bin\;C:\Program Files\Common Files\Intel\WirelessCommon\;C:\Program Files (x86)\Windows Live\Shared;C:\Python27;C:\Python27\Scripts;C:\Python27\Lib\site-packages;C:\Program Files\Java\jdk1.8.0_25\bin;C:\Program Files\Perforce;C:\Program Files\nodejs\;E:\jar;E:\apache-maven-3.2.5\bin;C:\oracle\instantclient_12_1\;C:\oracle\instantclient_12_1\sdk\include;C:\Android\sdk\platform-tools;C:\Android\sdk\tools;C:\Program Files (x86)\Calibre2\;C:\apache-tomcat-7.0.68\bin;C:\Program Files (x86)\Skype\Phone\;C:\Program Files (x86)\Google\Chrome\Application;C:\ProgramData\Oracle\Java\javapath;C:\Program Files (x86)\Intel\iCLS Client\;C:\Program Files\Intel\iCLS Client\;C:\Windows\system32;C:\Windows;C:\Windows\System32\Wbem;C:\Windows\System32\WindowsPowerShell\v1.0\;C:\Program Files\Intel\Intel(R) Management Engine Components\DAL;C:\Program Files\Intel\Intel(R) Management Engine Components\IPT;C:\Program Files (x86)\Intel\Intel(R) Management Engine Components\DAL;C:\Program Files (x86)\Intel\Intel(R) Management Engine Components\IPT;C:\Program Files\Intel\WiFi\bin\;C:\Program Files\Common Files\Intel\WirelessCommon\;C:\Program Files (x86)\Windows Live\Shared;C:\Python27;C:\Python27\Scripts;C:\Python27\Lib\site-packages;C:\Program Files (x86)\Git\cmd;C:\Program Files\Java\jdk1.8.0_25\bin;C:\Program Files\Perforce;C:\Program Files\nodejs\;E:\jar;E:\apache-maven-3.2.5\bin;C:\Program Files (x86)\Skype\Phone\;C:\oracle\instantclient_12_1\;C:\oracle\instantclient_12_1\sdk\include;C:\Android\sdk\platform-tools;C:\Android\sdk\tools;C:\Users\asoni.XEBIAINDIA\Desktop\eclipse;;."/>
    <property name="surefire.test.class.path" value="C:\Users\ASONI\workspace\SeleniumAll\target\test-classes;C:\Users\ASONI\workspace\SeleniumAll\target\classes;C:\Users\asoni.XEBIAINDIA\.m2\repository\junit\junit\3.8.1\junit-3.8.1.jar;C:\Users\asoni.XEBIAINDIA\.m2\repository\org\testng\testng\6.8\testng-6.8.jar;C:\Users\asoni.XEBIAINDIA\.m2\repository\org\beanshell\bsh\2.0b4\bsh-2.0b4.jar;C:\Users\asoni.XEBIAINDIA\.m2\repository\com\beust\jcommander\1.27\jcommander-1.27.jar;C:\Users\asoni.XEBIAINDIA\.m2\repository\org\yaml\snakeyaml\1.6\snakeyaml-1.6.jar;C:\Users\asoni.XEBIAINDIA\.m2\repository\org\seleniumhq\selenium\selenium-java\2.53.0\selenium-java-2.53.0.jar;C:\Users\asoni.XEBIAINDIA\.m2\repository\org\seleniumhq\selenium\selenium-chrome-driver\2.53.0\selenium-chrome-driver-2.53.0.jar;C:\Users\asoni.XEBIAINDIA\.m2\repository\org\seleniumhq\selenium\selenium-remote-driver\2.53.0\selenium-remote-driver-2.53.0.jar;C:\Users\asoni.XEBIAINDIA\.m2\repository\cglib\cglib-nodep\2.1_3\cglib-nodep-2.1_3.jar;C:\Users\asoni.XEBIAINDIA\.m2\repository\com\google\code\gson\gson\2.3.1\gson-2.3.1.jar;C:\Users\asoni.XEBIAINDIA\.m2\repository\org\seleniumhq\selenium\selenium-api\2.53.0\selenium-api-2.53.0.jar;C:\Users\asoni.XEBIAINDIA\.m2\repository\org\apache\httpcomponents\httpclient\4.5.1\httpclient-4.5.1.jar;C:\Users\asoni.XEBIAINDIA\.m2\repository\org\apache\httpcomponents\httpcore\4.4.3\httpcore-4.4.3.jar;C:\Users\asoni.XEBIAINDIA\.m2\repository\commons-logging\commons-logging\1.2\commons-logging-1.2.jar;C:\Users\asoni.XEBIAINDIA\.m2\repository\com\google\guava\guava\19.0\guava-19.0.jar;C:\Users\asoni.XEBIAINDIA\.m2\repository\org\seleniumhq\selenium\selenium-edge-driver\2.53.0\selenium-edge-driver-2.53.0.jar;C:\Users\asoni.XEBIAINDIA\.m2\repository\commons-io\commons-io\2.4\commons-io-2.4.jar;C:\Users\asoni.XEBIAINDIA\.m2\repository\org\apache\commons\commons-exec\1.3\commons-exec-1.3.jar;C:\Users\asoni.XEBIAINDIA\.m2\repository\org\seleniumhq\selenium\selenium-firefox-driver\2.53.0\selenium-firefox-driver-2.53.0.jar;C:\Users\asoni.XEBIAINDIA\.m2\repository\org\seleniumhq\selenium\selenium-ie-driver\2.53.0\selenium-ie-driver-2.53.0.jar;C:\Users\asoni.XEBIAINDIA\.m2\repository\net\java\dev\jna\jna\4.1.0\jna-4.1.0.jar;C:\Users\asoni.XEBIAINDIA\.m2\repository\net\java\dev\jna\jna-platform\4.1.0\jna-platform-4.1.0.jar;C:\Users\asoni.XEBIAINDIA\.m2\repository\org\seleniumhq\selenium\selenium-safari-driver\2.53.0\selenium-safari-driver-2.53.0.jar;C:\Users\asoni.XEBIAINDIA\.m2\repository\io\netty\netty\3.5.7.Final\netty-3.5.7.Final.jar;C:\Users\asoni.XEBIAINDIA\.m2\repository\org\seleniumhq\selenium\selenium-support\2.53.0\selenium-support-2.53.0.jar;C:\Users\asoni.XEBIAINDIA\.m2\repository\org\seleniumhq\selenium\selenium-leg-rc\2.53.0\selenium-leg-rc-2.53.0.jar;C:\Users\asoni.XEBIAINDIA\.m2\repository\org\apache\poi\poi-ooxml\3.14\poi-ooxml-3.14.jar;C:\Users\asoni.XEBIAINDIA\.m2\repository\org\apache\poi\poi\3.14\poi-3.14.jar;C:\Users\asoni.XEBIAINDIA\.m2\repository\commons-codec\commons-codec\1.10\commons-codec-1.10.jar;C:\Users\asoni.XEBIAINDIA\.m2\repository\org\apache\poi\poi-ooxml-schemas\3.14\poi-ooxml-schemas-3.14.jar;C:\Users\asoni.XEBIAINDIA\.m2\repository\org\apache\xmlbeans\xmlbeans\2.6.0\xmlbeans-2.6.0.jar;C:\Users\asoni.XEBIAINDIA\.m2\repository\stax\stax-api\1.0.1\stax-api-1.0.1.jar;C:\Users\asoni.XEBIAINDIA\.m2\repository\com\github\virtuald\curvesapi\1.03\curvesapi-1.03.jar;C:\Users\asoni.XEBIAINDIA\.m2\repository\com\relevantcodes\extentreports\2.41.0\extentreports-2.41.0.jar;C:\Users\asoni.XEBIAINDIA\.m2\repository\org\jsoup\jsoup\1.8.3\jsoup-1.8.3.jar;C:\Users\asoni.XEBIAINDIA\.m2\repository\org\xerial\sqlite-jdbc\3.8.11.1\sqlite-jdbc-3.8.11.1.jar;C:\Users\asoni.XEBIAINDIA\.m2\repository\org\freemarker\freemarker\2.3.23\freemarker-2.3.23.jar;C:\Users\asoni.XEBIAINDIA\.m2\repository\org\mongodb\mongodb-driver\3.0.4\mongodb-driver-3.0.4.jar;C:\Users\asoni.XEBIAINDIA\.m2\repository\org\mongodb\bson\3.0.4\bson-3.0.4.jar;C:\Users\asoni.XEBIAINDIA\.m2\repository\org\mongodb\mongodb-driver-core\3.0.4\mongodb-driver-core-3.0.4.jar;C:\Users\asoni.XEBIAINDIA\.m2\repository\org\apache\maven\surefire\common-java5\2.19.1\common-java5-2.19.1.jar;C:\Users\asoni.XEBIAINDIA\.m2\repository\org\apache\maven\surefire\surefire-api\2.19.1\surefire-api-2.19.1.jar;C:\Users\asoni.XEBIAINDIA\.m2\repository\org\apache\maven\surefire\surefire-testng-utils\2.19.1\surefire-testng-utils-2.19.1.jar;C:\Users\asoni.XEBIAINDIA\.m2\repository\org\apache\maven\surefire\surefire-grouper\2.19.1\surefire-grouper-2.19.1.jar;"/>
    <property name="java.specification.name" value="Java Platform API Specification"/>
    <property name="java.class.version" value="52.0"/>
    <property name="sun.management.compiler" value="HotSpot 64-Bit Tiered Compilers"/>
    <property name="os.version" value="6.3"/>
    <property name="user.home" value="C:\Users\asoni.XEBIAINDIA"/>
    <property name="user.timezone" value="Asia/Calcutta"/>
    <property name="java.awt.printerjob" value="sun.awt.windows.WPrinterJob"/>
    <property name="java.specification.version" value="1.8"/>
    <property name="file.encoding" value="Cp1252"/>
    <property name="user.name" value="asoni"/>
    <property name="java.class.path" value="/C:/Users/asoni.XEBIAINDIA/Desktop/eclipse/plugins/org.eclipse.m2e.maven.runtime_1.0.0.20110607-2117/jars/plexus-classworlds-2.4.jar"/>
    <property name="java.vm.specification.version" value="1.8"/>
    <property name="sun.arch.data.model" value="64"/>
    <property name="java.home" value="C:\Program Files\Java\jre1.8.0_60"/>
    <property name="sun.java.command" value="org.codehaus.plexus.classworlds.launcher.Launcher -B test"/>
    <property name="java.specification.vendor" value="Oracle Corporation"/>
    <property name="user.language" value="en"/>
    <property name="awt.toolkit" value="sun.awt.windows.WToolkit"/>
    <property name="java.vm.info" value="mixed mode"/>
    <property name="java.version" value="1.8.0_60"/>
    <property name="java.ext.dirs" value="C:\Program Files\Java\jre1.8.0_60\lib\ext;C:\Windows\Sun\Java\lib\ext"/>
    <property name="sun.boot.class.path" value="C:\Program Files\Java\jre1.8.0_60\lib\resources.jar;C:\Program Files\Java\jre1.8.0_60\lib\rt.jar;C:\Program Files\Java\jre1.8.0_60\lib\sunrsasign.jar;C:\Program Files\Java\jre1.8.0_60\lib\jsse.jar;C:\Program Files\Java\jre1.8.0_60\lib\jce.jar;C:\Program Files\Java\jre1.8.0_60\lib\charsets.jar;C:\Program Files\Java\jre1.8.0_60\lib\jfr.jar;C:\Program Files\Java\jre1.8.0_60\classes"/>
    <property name="webdriver.chrome.driver" value="E:\chromedriver.exe"/>
    <property name="java.vendor" value="Oracle Corporation"/>
    <property name="maven.home" value="C:\Users\ASONI\workspace\SeleniumAll\EMBEDDED"/>
    <property name="localRepository" value="C:\Users\asoni.XEBIAINDIA\.m2\repository"/>
    <property name="file.separator" value="\"/>
    <property name="java.vendor.url.bug" value="http://bugreport.sun.com/bugreport/"/>
    <property name="sun.cpu.endian" value="little"/>
    <property name="sun.io.unicode.encoding" value="UnicodeLittle"/>
    <property name="sun.desktop" value="windows"/>
    <property name="sun.cpu.isalist" value="amd64"/>
  </properties>
  <testcase name="firtsTest" classname="Project.SeleniumAll.FKTest" time="3.93"/>
  <testcase name="firtsTest" classname="Project.SeleniumAll.FKTest" time="4.704"/>
  <testcase name="secondTest" classname="Project.SeleniumAll.FKTest" time="0.274"/>
  <testcase name="secondTest" classname="Project.SeleniumAll.FKTest" time="0.809"/>
</testsuite>