<?xml version="1.0" encoding="UTF-8"?>
<!-- Generated by org.testng.reporters.JUnitReportReporter -->
<testsuite hostname="XE-T-ABHIMANIU" name="Project.SeleniumAll.NewTest" tests="2" failures="0" timestamp="20 Jun 2016 08:05:40 GMT" time="0.001" errors="0">
  <testcase name="testMethodsTwo" time="0.000" classname="Project.SeleniumAll.NewTest"/>
  <testcase name="testMethodsOne" time="0.001" classname="Project.SeleniumAll.NewTest"/>
</testsuite> <!-- Project.SeleniumAll.NewTest -->
