<?xml version="1.0" encoding="UTF-8"?>
<!-- Generated by org.testng.reporters.JUnitReportReporter -->
<testsuite hostname="XE-T-ABHIMANIU" name="Project.SeleniumAll.FKTest" tests="4" failures="0" timestamp="30 Jun 2016 12:53:02 GMT" time="44.624" errors="0">
  <testcase name="secondTest" time="9.935" classname="Project.SeleniumAll.FKTest"/>
  <testcase name="secondTest" time="8.979" classname="Project.SeleniumAll.FKTest"/>
  <testcase name="firtsTest" time="12.767" classname="Project.SeleniumAll.FKTest"/>
  <testcase name="firtsTest" time="12.943" classname="Project.SeleniumAll.FKTest"/>
</testsuite> <!-- Project.SeleniumAll.FKTest -->
